rdatasets.Ecdat_VietNamH: Records: 5999  Deleted: 0  Skipped: 0  Warnings: 12991
rdatasets.Ecdat_Somerville: Records: 659  Deleted: 0  Skipped: 0  Warnings: 1318
rdatasets.plm_Wages: Records: 4165  Deleted: 0  Skipped: 0  Warnings: 24990
rdatasets.HSAUR_CYGOB1: Records: 47  Deleted: 0  Skipped: 0  Warnings: 47
rdatasets.multgee_arthritis: Records: 906  Deleted: 0  Skipped: 0  Warnings: 18
rdatasets.HSAUR_mastectomy: Records: 44  Deleted: 0  Skipped: 0  Warnings: 88
rdatasets.car_UN: Records: 207  Deleted: 0  Skipped: 0  Warnings: 16
rdatasets.MASS_survey: Records: 237  Deleted: 0  Skipped: 0  Warnings: 75
rdatasets.psych_msq: Records: 3896  Deleted: 0  Skipped: 0  Warnings: 20924
rdatasets.Zelig_SupremeCourt: Records: 43  Deleted: 0  Skipped: 0  Warnings: 2
rdatasets.survival_lung: Records: 228  Deleted: 0  Skipped: 0  Warnings: 67
rdatasets.car_Cowles: Records: 1421  Deleted: 0  Skipped: 0  Warnings: 1421
rdatasets.Ecdat_MedExp: Records: 5574  Deleted: 0  Skipped: 0  Warnings: 22296
rdatasets.boot_neuro: Records: 469  Deleted: 0  Skipped: 0  Warnings: 884
rdatasets.Ecdat_Schooling: Records: 3010  Deleted: 0  Skipped: 0  Warnings: 49156
rdatasets.Ecdat_FriendFoe: Records: 227  Deleted: 0  Skipped: 0  Warnings: 454
rdatasets.Ecdat_DoctorContacts: Records: 20186  Deleted: 0  Skipped: 0  Warnings: 80744
rdatasets.survival_nwtco: Records: 4028  Deleted: 0  Skipped: 0  Warnings: 4028
rdatasets.HistData_CushnyPeebles: Records: 11  Deleted: 0  Skipped: 0  Warnings: 1
rdatasets.Ecdat_Mathlevel: Records: 609  Deleted: 0  Skipped: 0  Warnings: 609
rdatasets.rpart_car: Records: 60  Deleted: 0  Skipped: 0  Warnings: 11
rdatasets.HistData_Cavendish: Records: 29  Deleted: 0  Skipped: 0  Warnings: 6
rdatasets.plyr_baseball: Records: 21699  Deleted: 0  Skipped: 0  Warnings: 27619
rdatasets.Ecdat_Fatality: Records: 336  Deleted: 0  Skipped: 0  Warnings: 672
rdatasets.pscl_AustralianElections: Records: 24  Deleted: 0  Skipped: 0  Warnings: 19
rdatasets.car_Davis: Records: 200  Deleted: 0  Skipped: 0  Warnings: 34
rdatasets.Zelig_free1: Records: 450  Deleted: 0  Skipped: 0  Warnings: 10
rdatasets.vcd_Punishment: Records: 36  Deleted: 0  Skipped: 0  Warnings: 36
rdatasets.plm_SumHes: Records: 3250  Deleted: 0  Skipped: 0  Warnings: 6500
rdatasets.psych_ability: Records: 1525  Deleted: 0  Skipped: 0  Warnings: 1143
rdatasets.Ecdat_Mofa: Records: 50  Deleted: 0  Skipped: 0  Warnings: 7
rdatasets.Ecdat_PSID: Records: 4856  Deleted: 0  Skipped: 0  Warnings: 1
rdatasets.Zelig_PErisk: Records: 62  Deleted: 0  Skipped: 0  Warnings: 2
rdatasets.Ecdat_Wages: Records: 4165  Deleted: 0  Skipped: 0  Warnings: 24990
rdatasets.gap_mao: Records: 340  Deleted: 0  Skipped: 0  Warnings: 3120
rdatasets.MASS_Pima: Records: 300  Deleted: 0  Skipped: 0  Warnings: 414
rdatasets.reshape2_tips: Records: 244  Deleted: 0  Skipped: 0  Warnings: 244
rdatasets.car_Mroz: Records: 753  Deleted: 0  Skipped: 0  Warnings: 1506
rdatasets.HSAUR_clouds: Records: 24  Deleted: 0  Skipped: 0  Warnings: 24
rdatasets.gap_PD: Records: 825  Deleted: 0  Skipped: 0  Warnings: 10095
rdatasets.Ecdat_Griliches: Records: 758  Deleted: 0  Skipped: 0  Warnings: 4548
rdatasets.cluster_votes: Records: 50  Deleted: 0  Skipped: 0  Warnings: 217
rdatasets.sandwich_PublicSchools: Records: 51  Deleted: 0  Skipped: 0  Warnings: 1
rdatasets.Ecdat_USclassifiedDocuments: Records: 29  Deleted: 0  Skipped: 0  Warnings: 40
rdatasets.Ecdat_Journals: Records: 180  Deleted: 0  Skipped: 0  Warnings: 180
rdatasets.datasets_USJudgeRatings: Records: 43  Deleted: 0  Skipped: 0  Warnings: 41
rdatasets.Ecdat_Males: Records: 4360  Deleted: 0  Skipped: 0  Warnings: 13080
rdatasets.quantreg_Mammals: Records: 107  Deleted: 0  Skipped: 0  Warnings: 214
rdatasets.car_Chile: Records: 2700  Deleted: 0  Skipped: 0  Warnings: 116
rdatasets.ggplot2_movies: Records: 58788  Deleted: 0  Skipped: 0  Warnings: 53573
rdatasets.survival_stanford2: Records: 184  Deleted: 0  Skipped: 0  Warnings: 27
rdatasets.Ecdat_Kakadu: Records: 1827  Deleted: 0  Skipped: 0  Warnings: 7308
rdatasets.psych_affect: Records: 330  Deleted: 0  Skipped: 0  Warnings: 490
rdatasets.Ecdat_Crime: Records: 630  Deleted: 0  Skipped: 0  Warnings: 630
rdatasets.HSAUR_Forbes2000: Records: 2000  Deleted: 0  Skipped: 0  Warnings: 5
rdatasets.car_Freedman: Records: 110  Deleted: 0  Skipped: 0  Warnings: 20
rdatasets.Ecdat_Accident: Records: 40  Deleted: 0  Skipped: 0  Warnings: 12
rdatasets.KMsurv_bcdeter: Records: 95  Deleted: 0  Skipped: 0  Warnings: 37
rdatasets.psych_sat: Records: 700  Deleted: 0  Skipped: 0  Warnings: 13
rdatasets.Ecdat_PatentsHGH: Records: 1730  Deleted: 0  Skipped: 0  Warnings: 1730
rdatasets.Ecdat_Hdma: Records: 2381  Deleted: 0  Skipped: 0  Warnings: 14286
rdatasets.MASS_Traffic: Records: 184  Deleted: 0  Skipped: 0  Warnings: 184
rdatasets.HistData_OldMaps: Records: 468  Deleted: 0  Skipped: 0  Warnings: 39
rdatasets.MASS_bacteria: Records: 220  Deleted: 0  Skipped: 0  Warnings: 220
rdatasets.Ecdat_Participation: Records: 872  Deleted: 0  Skipped: 0  Warnings: 1744
rdatasets.datasets_airquality: Records: 153  Deleted: 0  Skipped: 0  Warnings: 44
rdatasets.Ecdat_UnempDur: Records: 3343  Deleted: 0  Skipped: 0  Warnings: 3343
rdatasets.HistData_Fingerprints: Records: 36  Deleted: 0  Skipped: 0  Warnings: 15
rdatasets.psych_bfi: Records: 28  Deleted: 0  Skipped: 0  Warnings: 3
rdatasets.car_Leinhardt: Records: 105  Deleted: 0  Skipped: 0  Warnings: 109
rdatasets.Ecdat_Mroz: Records: 753  Deleted: 0  Skipped: 0  Warnings: 1506
rdatasets.Ecdat_Fair: Records: 601  Deleted: 0  Skipped: 0  Warnings: 601
rdatasets.reshape2_smiths: Records: 2  Deleted: 0  Skipped: 0  Warnings: 2
rdatasets.survival_colon: Records: 1858  Deleted: 0  Skipped: 0  Warnings: 82
rdatasets.rpart_car90: Records: 111  Deleted: 0  Skipped: 0  Warnings: 261
rdatasets.datasets_presidents: Records: 120  Deleted: 0  Skipped: 0  Warnings: 6
rdatasets.vcd_JointSports: Records: 40  Deleted: 0  Skipped: 0  Warnings: 40
rdatasets.vcd_OvaryCancer: Records: 16  Deleted: 0  Skipped: 0  Warnings: 32
rdatasets.vcd_SpaceShuttle: Records: 24  Deleted: 0  Skipped: 0  Warnings: 26
rdatasets.Zelig_immigration: Records: 2485  Deleted: 0  Skipped: 0  Warnings: 1348
rdatasets.Ecdat_bankingCrises: Records: 211  Deleted: 0  Skipped: 0  Warnings: 1
rdatasets.cluster_plantTraits: Records: 136  Deleted: 0  Skipped: 0  Warnings: 166
rdatasets.Ecdat_Star: Records: 5748  Deleted: 0  Skipped: 0  Warnings: 5748
rdatasets.Ecdat_Hedonic: Records: 506  Deleted: 0  Skipped: 0  Warnings: 506
rdatasets.Ecdat_Garch: Records: 1867  Deleted: 0  Skipped: 0  Warnings: 1
rdatasets.pscl_ca2006: Records: 53  Deleted: 0  Skipped: 0  Warnings: 138
rdatasets.MASS_ships: Records: 40  Deleted: 0  Skipped: 0  Warnings: 12
rdatasets.ggplot2_msleep: Records: 83  Deleted: 0  Skipped: 0  Warnings: 100
rdatasets.gap_hr1420: Records: 147849  Deleted: 0  Skipped: 0  Warnings: 147557
rdatasets.cluster_animals: Records: 20  Deleted: 0  Skipped: 0  Warnings: 5
rdatasets.Ecdat_Treatment: Records: 2675  Deleted: 0  Skipped: 0  Warnings: 10700
rdatasets.KMsurv_lung: Records: 228  Deleted: 0  Skipped: 0  Warnings: 67
rdatasets.gap_l51: Records: 51  Deleted: 0  Skipped: 0  Warnings: 8
rdatasets.survival_flchain: Records: 7874  Deleted: 0  Skipped: 0  Warnings: 1350
rdatasets.KMsurv_baboon: Records: 152  Deleted: 0  Skipped: 0  Warnings: 152
rdatasets.car_Greene: Records: 384  Deleted: 0  Skipped: 0  Warnings: 768
rdatasets.multgee_housing: Records: 1448  Deleted: 0  Skipped: 0  Warnings: 159
rdatasets.Ecdat_SumHes: Records: 3250  Deleted: 0  Skipped: 0  Warnings: 6500
rdatasets.Ecdat_Airq: Records: 30  Deleted: 0  Skipped: 0  Warnings: 30
rdatasets.HSAUR_BtheB: Records: 100  Deleted: 0  Skipped: 0  Warnings: 220
rdatasets.rpart_cu: Records: 117  Deleted: 0  Skipped: 0  Warnings: 57
rdatasets.vcd_Baseball: Records: 322  Deleted: 0  Skipped: 0  Warnings: 59
rdatasets.vcd_BrokenMarriage: Records: 20  Deleted: 0  Skipped: 0  Warnings: 20
rdatasets.Ecdat_Housing: Records: 546  Deleted: 0  Skipped: 0  Warnings: 3276
rdatasets.Ecdat_USFinanceIndustry: Records: 84  Deleted: 0  Skipped: 0  Warnings: 6
rdatasets.MASS_biopsy: Records: 699  Deleted: 0  Skipped: 0  Warnings: 16
rdatasets.MASS_housing: Records: 1448  Deleted: 0  Skipped: 0  Warnings: 159
rdatasets.geepack_dietox: Records: 861  Deleted: 0  Skipped: 0  Warnings: 72
rdatasets.car_Hartnagel: Records: 38  Deleted: 0  Skipped: 0  Warnings: 8
rdatasets.Ecdat_Computers: Records: 6259  Deleted: 0  Skipped: 0  Warnings: 18777
rdatasets.robustbase_ambientNOxCH: Records: 366  Deleted: 0  Skipped: 0  Warnings: 171
rdatasets.plm_Crime: Records: 630  Deleted: 0  Skipped: 0  Warnings: 630
rdatasets.vcd_Bundesliga: Records: 14018  Deleted: 0  Skipped: 0  Warnings: 2
rdatasets.psych_iqitems: Records: 1525  Deleted: 0  Skipped: 0  Warnings: 25
rdatasets.vcd_NonResponse: Records: 12  Deleted: 0  Skipped: 0  Warnings: 12
rdatasets.Ecdat_Unemployment: Records: 452  Deleted: 0  Skipped: 0  Warnings: 904
rdatasets.vcd_PreSex: Records: 16  Deleted: 0  Skipped: 0  Warnings: 32
rdatasets.Ecdat_MCAS: Records: 220  Deleted: 0  Skipped: 0  Warnings: 74
rdatasets.HistData_Pyx: Records: 72  Deleted: 0  Skipped: 0  Warnings: 72
rdatasets.datasets_Titanic: Records: 32  Deleted: 0  Skipped: 0  Warnings: 32
rdatasets.reshape2_french_fries: Records: 696  Deleted: 0  Skipped: 0  Warnings: 9
rdatasets.vcd_Trucks: Records: 24  Deleted: 0  Skipped: 0  Warnings: 24
rdatasets.Ecdat_RetSchool: Records: 5225  Deleted: 0  Skipped: 0  Warnings: 6785
rdatasets.Ecdat_HI: Records: 22272  Deleted: 0  Skipped: 0  Warnings: 89088
rdatasets.survival_pbc: Records: 418  Deleted: 0  Skipped: 0  Warnings: 1033
rdatasets.COUNT_loomis: Records: 410  Deleted: 0  Skipped: 0  Warnings: 353
rdatasets.car_SLID: Records: 7425  Deleted: 0  Skipped: 0  Warnings: 3527
rdatasets.pscl_politicalInformation: Records: 1807  Deleted: 0  Skipped: 0  Warnings: 7245
rdatasets.MASS_shuttle: Records: 256  Deleted: 0  Skipped: 0  Warnings: 256
rdatasets.MASS_Cars93: Records: 93  Deleted: 0  Skipped: 0  Warnings: 106
rdatasets.COUNT_ships: Records: 40  Deleted: 0  Skipped: 0  Warnings: 12
rdatasets.Ecdat_Benefits: Records: 4877  Deleted: 0  Skipped: 0  Warnings: 43893
rdatasets.Ecdat_USstateAbbreviations: Records: 76  Deleted: 0  Skipped: 0  Warnings: 13
rdatasets.pscl_presidentialElections: Records: 1047  Deleted: 0  Skipped: 0  Warnings: 1047
rdatasets.plm_Males: Records: 4360  Deleted: 0  Skipped: 0  Warnings: 13080
rdatasets.plm_Hedonic: Records: 506  Deleted: 0  Skipped: 0  Warnings: 506
rdatasets.sem_Tests: Records: 32  Deleted: 0  Skipped: 0  Warnings: 18
rdatasets.vcd_VonBort: Records: 280  Deleted: 0  Skipped: 0  Warnings: 280
rdatasets.boot_catsM: Records: 97  Deleted: 0  Skipped: 0  Warnings: 97
rdatasets.pscl_iraqVote: Records: 100  Deleted: 0  Skipped: 0  Warnings: 100
rdatasets.rpart_stagec: Records: 146  Deleted: 0  Skipped: 0  Warnings: 12
rdatasets.survival_cancer: Records: 228  Deleted: 0  Skipped: 0  Warnings: 67
rdatasets.robustbase_airmay: Records: 31  Deleted: 0  Skipped: 0  Warnings: 9
rdatasets.COUNT_titanic: Records: 1316  Deleted: 0  Skipped: 0  Warnings: 1316
rdatasets.Zelig_free2: Records: 450  Deleted: 0  Skipped: 0  Warnings: 10
rdatasets.survival_mgus: Records: 241  Deleted: 0  Skipped: 0  Warnings: 243
rdatasets.Ecdat_OFP: Records: 4406  Deleted: 0  Skipped: 0  Warnings: 22030
rdatasets.boot_urine: Records: 79  Deleted: 0  Skipped: 0  Warnings: 2
rdatasets.MASS_farms: Records: 20  Deleted: 0  Skipped: 0  Warnings: 20
